#
# There is insufficient memory for the Java Runtime Environment to continue.
# Native memory allocation (malloc) failed to allocate 1048576 bytes for AllocateHeap
# Possible reasons:
#   The system is out of physical RAM or swap space
#   In 32 bit mode, the process size limit was hit
# Possible solutions:
#   Reduce memory load on the system
#   Increase physical memory or swap space
#   Check if swap backing store is full
#   Use 64 bit Java on a 64 bit OS
#   Decrease Java heap size (-Xmx/-Xms)
#   Decrease number of Java threads
#   Decrease Java thread stack sizes (-Xss)
#   Set larger code cache with -XX:ReservedCodeCacheSize=
# This output file may be truncated or incomplete.
#
#  Out of Memory Error (memory/allocation.inline.hpp:61), pid=7676, tid=0x00000000000024ac
#
# JRE version:  (8.0_111-b14) (build )
# Java VM: Java HotSpot(TM) 64-Bit Server VM (25.111-b14 mixed mode windows-amd64 compressed oops)
# Failed to write core dump. Minidumps are not enabled by default on client versions of Windows
#

---------------  T H R E A D  ---------------

Current thread (0x0000000002284000):  JavaThread "Unknown thread" [_thread_in_vm, id=9388, stack(0x0000000002180000,0x0000000002280000)]

Stack: [0x0000000002180000,0x0000000002280000]
[error occurred during error reporting (printing stack bounds), id 0xc0000005]

Native frames: (J=compiled Java code, j=interpreted, Vv=VM code, C=native code)


---------------  P R O C E S S  ---------------

Java Threads: ( => current thread )

Other Threads:

=>0x0000000002284000 (exited) JavaThread "Unknown thread" [_thread_in_vm, id=9388, stack(0x0000000002180000,0x0000000002280000)]

VM state:not at safepoint (normal execution)

VM Mutex/Monitor currently owned by a thread: None

Heap:
 PSYoungGen      total 17920K, used 307K [0x00000000ec700000, 0x00000000edb00000, 0x0000000100000000)
  eden space 15360K, 2% used [0x00000000ec700000,0x00000000ec74ccd8,0x00000000ed600000)
  from space 2560K, 0% used [0x00000000ed880000,0x00000000ed880000,0x00000000edb00000)
  to   space 2560K, 0% used [0x00000000ed600000,0x00000000ed600000,0x00000000ed880000)
 ParOldGen       total 40960K, used 0K [0x00000000c5400000, 0x00000000c7c00000, 0x00000000ec700000)
  object space 40960K, 0% used [0x00000000c5400000,0x00000000c5400000,0x00000000c7c00000)
 Metaspace       used 752K, capacity 1092K, committed 1152K, reserved 1060864K
  class space    used 75K, capacity 384K, committed 384K, reserved 1048576K

Card table byte_map: [0x0000000011740000,0x0000000011920000] byte_map_base: 0x0000000011116000

Marking Bits: (ParMarkBitMap*) 0x000000006662a6c0
 Begin Bits: [0x0000000011e60000, 0x0000000012d10000)
 End Bits:   [0x0000000012d10000, 0x0000000013bc0000)

Polling page: 0x00000000001f0000

CodeCache: size=245760Kb used=328Kb max_used=328Kb free=245431Kb
 bounds [0x0000000002380000, 0x00000000025f0000, 0x0000000011380000]
 total_blobs=58 nmethods=0 adapters=38
 compilation: enabled

Compilation events (0 events):
No events

GC Heap History (0 events):
No events

Deoptimization events (0 events):
No events

Internal exceptions (0 events):
No events

Events (10 events):
Event: 0.594 loading class java/lang/Short
Event: 0.594 loading class java/lang/Short done
Event: 0.594 loading class java/lang/Integer
Event: 0.595 loading class java/lang/Integer done
Event: 0.595 loading class java/lang/Long
Event: 0.595 loading class java/lang/Long done
Event: 0.596 loading class java/lang/NullPointerException
Event: 0.596 loading class java/lang/NullPointerException done
Event: 0.596 loading class java/lang/ArithmeticException
Event: 0.596 loading class java/lang/ArithmeticException done


Dynamic libraries:
0x00007ff75b910000 - 0x00007ff75b947000 	C:\Program Files\Java\jre1.8.0_111\bin\javaw.exe
0x00007ffccc560000 - 0x00007ffccc721000 	C:\WINDOWS\SYSTEM32\ntdll.dll
0x00007ffccc4b0000 - 0x00007ffccc55d000 	C:\WINDOWS\system32\KERNEL32.DLL
0x00007ffcc96a0000 - 0x00007ffcc9888000 	C:\WINDOWS\system32\KERNELBASE.dll
0x00007ffcca200000 - 0x00007ffcca2a7000 	C:\WINDOWS\system32\ADVAPI32.dll
0x00007ffcc9ec0000 - 0x00007ffcc9f5d000 	C:\WINDOWS\system32\msvcrt.dll
0x00007ffcc9a30000 - 0x00007ffcc9a8b000 	C:\WINDOWS\system32\sechost.dll
0x00007ffccbca0000 - 0x00007ffccbdbc000 	C:\WINDOWS\system32\RPCRT4.dll
0x00007ffcca2d0000 - 0x00007ffcca426000 	C:\WINDOWS\system32\USER32.dll
0x00007ffcca070000 - 0x00007ffcca1f6000 	C:\WINDOWS\system32\GDI32.dll
0x00007ffcc4770000 - 0x00007ffcc49e4000 	C:\WINDOWS\WinSxS\amd64_microsoft.windows.common-controls_6595b64144ccf1df_6.0.10586.0_none_8c15ae12515e1c22\COMCTL32.dll
0x00007ffccc230000 - 0x00007ffccc4ad000 	C:\WINDOWS\system32\combase.dll
0x00007ffcc8c10000 - 0x00007ffcc8c7a000 	C:\WINDOWS\system32\bcryptPrimitives.dll
0x00007ffccbfe0000 - 0x00007ffccc01b000 	C:\WINDOWS\system32\IMM32.DLL
0x00000000666b0000 - 0x0000000066782000 	C:\Program Files\Java\jre1.8.0_111\bin\msvcr100.dll
0x0000000065e10000 - 0x00000000666aa000 	C:\Program Files\Java\jre1.8.0_111\bin\server\jvm.dll
0x00007ffccc0f0000 - 0x00007ffccc0f8000 	C:\WINDOWS\system32\PSAPI.DLL
0x00007ffcc7330000 - 0x00007ffcc7353000 	C:\WINDOWS\SYSTEM32\WINMM.dll
0x00007ffcb9600000 - 0x00007ffcb9609000 	C:\WINDOWS\SYSTEM32\WSOCK32.dll
0x00007ffcc52a0000 - 0x00007ffcc52aa000 	C:\WINDOWS\SYSTEM32\VERSION.dll
0x00007ffccc100000 - 0x00007ffccc16b000 	C:\WINDOWS\system32\WS2_32.dll
0x0000000002040000 - 0x000000000206c000 	C:\WINDOWS\SYSTEM32\WINMMBASE.dll
0x00007ffcc95f0000 - 0x00007ffcc9633000 	C:\WINDOWS\system32\cfgmgr32.dll
0x0000000065e00000 - 0x0000000065e0f000 	C:\Program Files\Java\jre1.8.0_111\bin\verify.dll
0x0000000065dd0000 - 0x0000000065df9000 	C:\Program Files\Java\jre1.8.0_111\bin\java.dll
0x0000000065db0000 - 0x0000000065dc6000 	C:\Program Files\Java\jre1.8.0_111\bin\zip.dll

VM Arguments:
java_command: com.google.appengine.tools.enhancer.Enhance C:\Users\Sarah Weimer\workspace\ProjectplanTest\war\WEB-INF\classes\de\hdm\projectplan\client\editor\NewProjectView.class C:\Users\Sarah Weimer\workspace\ProjectplanTest\war\WEB-INF\classes\de\hdm\projectplan\client\editor\NewProjectView$createProjectCallback.class C:\Users\Sarah Weimer\workspace\ProjectplanTest\war\WEB-INF\classes\de\hdm\projectplan\client\editor\NewProjectView$1.class C:\Users\Sarah Weimer\workspace\ProjectplanTest\war\WEB-INF\classes\de\hdm\projectplan\client\editor\NewProjectView$2.class -enhancerVersion v2
java_class_path (initial): C:\Users\Sarah Weimer\workspace\ProjectplanTest\test-classes;C:\Users\Sarah Weimer\workspace\ProjectplanTest\war\WEB-INF\classes;C:\Users\Sarah Weimer\.p2\pool\plugins\com.google.appengine.eclipse.sdkbundle_1.9.34\appengine-java-sdk-1.9.34\lib\shared\appengine-local-runtime-shared.jar;C:\Users\Sarah Weimer\.p2\pool\plugins\com.google.appengine.eclipse.sdkbundle_1.9.34\appengine-java-sdk-1.9.34\lib\shared\el-api.jar;C:\Users\Sarah Weimer\.p2\pool\plugins\com.google.appengine.eclipse.sdkbundle_1.9.34\appengine-java-sdk-1.9.34\lib\shared\jsp\repackaged-appengine-ant-1.7.1.jar;C:\Users\Sarah Weimer\.p2\pool\plugins\com.google.appengine.eclipse.sdkbundle_1.9.34\appengine-java-sdk-1.9.34\lib\shared\jsp\repackaged-appengine-ant-launcher-1.7.1.jar;C:\Users\Sarah Weimer\.p2\pool\plugins\com.google.appengine.eclipse.sdkbundle_1.9.34\appengine-java-sdk-1.9.34\lib\shared\jsp\repackaged-appengine-jasper-6.0.29.jar;C:\Users\Sarah Weimer\.p2\pool\plugins\com.google.appengine.eclipse.sdkbundle_1.9.34\appengine-java-sdk-1.9.34\lib\shared\jsp\repackaged-appengine-jasper-el-6.0.29.jar;C:\Users\Sarah Weimer\.p2\pool\plugins\com.google.appengine.eclipse.sdkbundle_1.9.34\appengine-java-sdk-1.9.34\lib\shared\jsp\repackaged-appengine-tomcat-juli-6.0.29.jar;C:\Users\Sarah Weimer\.p2\pool\plugins\com.google.appengine.eclipse.sdkbundle_1.9.34\appengine-java-sdk-1.9.34\lib\shared\jsp-api.jar;C:\Users\Sarah Weimer\.p2\pool\plugins\com.google.appengine.eclipse.sdkbundle_1.9.34\appengine-java-sdk-1.9.34\lib\shared\servlet-api.jar;C:\Users\Sarah Weimer\.p2\pool\plugins\com.google.appengine.eclipse.sdkbundle_1.9.34\appengine-java-sdk-1.9.34\lib\appengine-tools-api.jar;C:\Users\Sarah Weimer\.p2\pool\plugins\com.google.appengine.eclipse.sdkbundle_1.9.34\appengine-java-sdk-1.9.34\lib\opt\user\appengine-api-labs\v1\appengine-api-labs.jar;C:\Users\Sarah Weimer\.p2\pool\plugins\com.google.appengine.eclipse.sdkbundle_1.9.34\appengine-java-sdk-1.9.34\lib\opt\user\appengine-endp
Launcher Type: SUN_STANDARD

Environment Variables:
PATH=C:\ProgramData\Oracle\Java\javapath;C:\Program Files (x86)\Intel\iCLS Client\;C:\Program Files\Intel\iCLS Client\;C:\WINDOWS\system32;C:\WINDOWS;C:\WINDOWS\System32\Wbem;C:\WINDOWS\System32\WindowsPowerShell\v1.0\;C:\Program Files\Intel\Intel(R) Management Engine Components\DAL;C:\Program Files\Intel\Intel(R) Management Engine Components\IPT;C:\Program Files (x86)\Intel\Intel(R) Management Engine Components\DAL;C:\Program Files (x86)\Intel\Intel(R) Management Engine Components\IPT;C:\Program Files (x86)\NVIDIA Corporation\PhysX\Common;C:\Program Files\Git\cmd;C:\Program Files (x86)\Skype\Phone\
USERNAME=Sarah Weimer
OS=Windows_NT
PROCESSOR_IDENTIFIER=Intel64 Family 6 Model 69 Stepping 1, GenuineIntel



---------------  S Y S T E M  ---------------

OS: Windows 10.0 , 64 bit Build 10586 (10.0.10586.0)

CPU:total 4 (2 cores per cpu, 2 threads per core) family 6 model 69 stepping 1, cmov, cx8, fxsr, mmx, sse, sse2, sse3, ssse3, sse4.1, sse4.2, popcnt, avx, avx2, aes, clmul, erms, lzcnt, ht, tsc, tscinvbit, bmi1, bmi2

Memory: 4k page, physical 3842328k(638148k free), swap 15376664k(5944k free)

vm_info: Java HotSpot(TM) 64-Bit Server VM (25.111-b14) for windows-amd64 JRE (1.8.0_111-b14), built on Sep 22 2016 19:24:05 by "java_re" with MS VC++ 10.0 (VS2010)

time: Tue May 09 20:55:27 2017
elapsed time: 0 seconds (0d 0h 0m 0s)

