#
# There is insufficient memory for the Java Runtime Environment to continue.
# Native memory allocation (malloc) failed to allocate 36496 bytes for Chunk::new
# Possible reasons:
#   The system is out of physical RAM or swap space
#   In 32 bit mode, the process size limit was hit
# Possible solutions:
#   Reduce memory load on the system
#   Increase physical memory or swap space
#   Check if swap backing store is full
#   Use 64 bit Java on a 64 bit OS
#   Decrease Java heap size (-Xmx/-Xms)
#   Decrease number of Java threads
#   Decrease Java thread stack sizes (-Xss)
#   Set larger code cache with -XX:ReservedCodeCacheSize=
# This output file may be truncated or incomplete.
#
#  Out of Memory Error (allocation.cpp:390), pid=4952, tid=0x0000000000001d40
#
# JRE version: Java(TM) SE Runtime Environment (8.0_111-b14) (build 1.8.0_111-b14)
# Java VM: Java HotSpot(TM) 64-Bit Server VM (25.111-b14 mixed mode windows-amd64 compressed oops)
# Failed to write core dump. Minidumps are not enabled by default on client versions of Windows
#

---------------  T H R E A D  ---------------

Current thread (0x00000000147e5000):  JavaThread "C2 CompilerThread1" daemon [_thread_in_native, id=7488, stack(0x0000000015f70000,0x0000000016070000)]

Stack: [0x0000000015f70000,0x0000000016070000]
[error occurred during error reporting (printing stack bounds), id 0xc0000005]

Native frames: (J=compiled Java code, j=interpreted, Vv=VM code, C=native code)


Current CompileTask:
C2:  13084  265   !   4       java.io.BufferedReader::readLine (304 bytes)


---------------  P R O C E S S  ---------------

Java Threads: ( => current thread )
  0x000000001619b800 JavaThread "Service Thread" daemon [_thread_blocked, id=10044, stack(0x0000000016570000,0x0000000016670000)]
  0x00000000147eb000 JavaThread "C1 CompilerThread2" daemon [_thread_blocked, id=3620, stack(0x0000000016070000,0x0000000016170000)]
=>0x00000000147e5000 JavaThread "C2 CompilerThread1" daemon [_thread_in_native, id=7488, stack(0x0000000015f70000,0x0000000016070000)]
  0x00000000147e2800 JavaThread "C2 CompilerThread0" daemon [_thread_blocked, id=5764, stack(0x0000000015e70000,0x0000000015f70000)]
  0x00000000147e1000 JavaThread "Attach Listener" daemon [_thread_blocked, id=6136, stack(0x0000000015d70000,0x0000000015e70000)]
  0x00000000147e0000 JavaThread "Signal Dispatcher" daemon [_thread_blocked, id=2100, stack(0x0000000015c70000,0x0000000015d70000)]
  0x00000000147c9000 JavaThread "Finalizer" daemon [_thread_blocked, id=3588, stack(0x0000000015a60000,0x0000000015b60000)]
  0x0000000002414000 JavaThread "Reference Handler" daemon [_thread_blocked, id=3404, stack(0x0000000015960000,0x0000000015a60000)]
  0x0000000002324000 JavaThread "main" [_thread_in_native, id=10068, stack(0x0000000002220000,0x0000000002320000)]

Other Threads:
  0x00000000147a7000 VMThread [stack: 0x0000000015860000,0x0000000015960000] [id=7544]
  0x00000000161af800 WatcherThread [stack: 0x0000000016780000,0x0000000016880000] [id=1692]

VM state:not at safepoint (normal execution)

VM Mutex/Monitor currently owned by a thread: None

Heap:
 PSYoungGen      total 17920K, used 5006K [0x00000000ec700000, 0x00000000edb00000, 0x0000000100000000)
  eden space 15360K, 32% used [0x00000000ec700000,0x00000000ecbe3b50,0x00000000ed600000)
  from space 2560K, 0% used [0x00000000ed880000,0x00000000ed880000,0x00000000edb00000)
  to   space 2560K, 0% used [0x00000000ed600000,0x00000000ed600000,0x00000000ed880000)
 ParOldGen       total 40960K, used 0K [0x00000000c5400000, 0x00000000c7c00000, 0x00000000ec700000)
  object space 40960K, 0% used [0x00000000c5400000,0x00000000c5400000,0x00000000c7c00000)
 Metaspace       used 4356K, capacity 4810K, committed 4864K, reserved 1056768K
  class space    used 492K, capacity 502K, committed 512K, reserved 1048576K

Card table byte_map: [0x00000000117e0000,0x00000000119c0000] byte_map_base: 0x00000000111b6000

Marking Bits: (ParMarkBitMap*) 0x000000006662a6c0
 Begin Bits: [0x0000000011f00000, 0x0000000012db0000)
 End Bits:   [0x0000000012db0000, 0x0000000013c60000)

Polling page: 0x00000000001f0000

CodeCache: size=245760Kb used=1736Kb max_used=1736Kb free=244023Kb
 bounds [0x0000000002420000, 0x0000000002690000, 0x0000000011420000]
 total_blobs=555 nmethods=278 adapters=190
 compilation: enabled

Compilation events (10 events):
Event: 12.799 Thread 0x00000000147eb000 nmethod 262 0x00000000025bd110 code [0x00000000025bd2a0, 0x00000000025bd558]
Event: 12.799 Thread 0x00000000147e2800  263       4       java.util.LinkedList::indexOf (73 bytes)
Event: 12.799 Thread 0x00000000147eb000  264       3       java.util.HashMap::resize (359 bytes)
Event: 12.800 Thread 0x00000000147e5000  265   !   4       java.io.BufferedReader::readLine (304 bytes)
Event: 12.800 Thread 0x00000000147eb000 nmethod 264 0x00000000025bd650 code [0x00000000025bd8a0, 0x00000000025beac8]
Event: 12.801 Thread 0x00000000147eb000  266       3       sun.nio.cs.UTF_8$Decoder::decodeArrayLoop (691 bytes)
Event: 12.802 Thread 0x00000000147e2800 nmethod 263 0x00000000025c2010 code [0x00000000025c2160, 0x00000000025c2358]
Event: 12.808 Thread 0x00000000147eb000 nmethod 266 0x00000000025c2490 code [0x00000000025c2de0, 0x00000000025c9468]
Event: 12.808 Thread 0x00000000147eb000  267       1       java.util.HashMap::afterNodeInsertion (1 bytes)
Event: 12.809 Thread 0x00000000147eb000 nmethod 267 0x00000000025c1d50 code [0x00000000025c1ea0, 0x00000000025c1fb0]

GC Heap History (0 events):
No events

Deoptimization events (0 events):
No events

Internal exceptions (7 events):
Event: 1.544 Thread 0x0000000002324000 Exception <a 'java/lang/NoSuchMethodError': Method sun.misc.Unsafe.defineClass(Ljava/lang/String;[BII)Ljava/lang/Class; name or signature does not match> (0x00000000ec707c78) thrown at [C:\re\workspace\8-2-build-windows-amd64-cygwin\jdk8u111\7883\hotspot\
Event: 1.545 Thread 0x0000000002324000 Exception <a 'java/lang/NoSuchMethodError': Method sun.misc.Unsafe.prefetchRead(Ljava/lang/Object;J)V name or signature does not match> (0x00000000ec707f60) thrown at [C:\re\workspace\8-2-build-windows-amd64-cygwin\jdk8u111\7883\hotspot\src\share\vm\prims
Event: 2.518 Thread 0x0000000002324000 Exception <a 'java/io/FileNotFoundException'> (0x00000000ec785ae8) thrown at [C:\re\workspace\8-2-build-windows-amd64-cygwin\jdk8u111\7883\hotspot\src\share\vm\prims\jni.cpp, line 709]
Event: 12.742 Thread 0x0000000002324000 Exception <a 'java/security/PrivilegedActionException'> (0x00000000ecb69198) thrown at [C:\re\workspace\8-2-build-windows-amd64-cygwin\jdk8u111\7883\hotspot\src\share\vm\prims\jvm.cpp, line 1386]
Event: 12.742 Thread 0x0000000002324000 Exception <a 'java/security/PrivilegedActionException'> (0x00000000ecb693a8) thrown at [C:\re\workspace\8-2-build-windows-amd64-cygwin\jdk8u111\7883\hotspot\src\share\vm\prims\jvm.cpp, line 1386]
Event: 12.742 Thread 0x0000000002324000 Exception <a 'java/security/PrivilegedActionException'> (0x00000000ecb6d1d8) thrown at [C:\re\workspace\8-2-build-windows-amd64-cygwin\jdk8u111\7883\hotspot\src\share\vm\prims\jvm.cpp, line 1386]
Event: 12.742 Thread 0x0000000002324000 Exception <a 'java/security/PrivilegedActionException'> (0x00000000ecb6d3e8) thrown at [C:\re\workspace\8-2-build-windows-amd64-cygwin\jdk8u111\7883\hotspot\src\share\vm\prims\jvm.cpp, line 1386]

Events (10 events):
Event: 12.800 Thread 0x0000000002324000 DEOPT PACKING pc=0x000000000259f990 sp=0x000000000231b440
Event: 12.800 Thread 0x0000000002324000 DEOPT UNPACKING pc=0x000000000246787f sp=0x000000000231b160 mode 0
Event: 12.800 Thread 0x0000000002324000 DEOPT PACKING pc=0x000000000259f990 sp=0x000000000231b440
Event: 12.800 Thread 0x0000000002324000 DEOPT UNPACKING pc=0x000000000246787f sp=0x000000000231b160 mode 0
Event: 12.800 Thread 0x0000000002324000 DEOPT PACKING pc=0x000000000259f990 sp=0x000000000231b440
Event: 12.800 Thread 0x0000000002324000 DEOPT UNPACKING pc=0x000000000246787f sp=0x000000000231b160 mode 0
Event: 12.801 Thread 0x0000000002324000 DEOPT PACKING pc=0x000000000259f990 sp=0x000000000231b440
Event: 12.801 Thread 0x0000000002324000 DEOPT UNPACKING pc=0x000000000246787f sp=0x000000000231b160 mode 0
Event: 12.801 Thread 0x0000000002324000 DEOPT PACKING pc=0x000000000259f990 sp=0x000000000231b440
Event: 12.801 Thread 0x0000000002324000 DEOPT UNPACKING pc=0x000000000246787f sp=0x000000000231b160 mode 0


Dynamic libraries:
0x00007ff75b910000 - 0x00007ff75b947000 	C:\Program Files\Java\jre1.8.0_111\bin\javaw.exe
0x00007ffccc560000 - 0x00007ffccc721000 	C:\WINDOWS\SYSTEM32\ntdll.dll
0x00007ffccc4b0000 - 0x00007ffccc55d000 	C:\WINDOWS\system32\KERNEL32.DLL
0x00007ffcc96a0000 - 0x00007ffcc9888000 	C:\WINDOWS\system32\KERNELBASE.dll
0x00007ffcca200000 - 0x00007ffcca2a7000 	C:\WINDOWS\system32\ADVAPI32.dll
0x00007ffcc9ec0000 - 0x00007ffcc9f5d000 	C:\WINDOWS\system32\msvcrt.dll
0x00007ffcc9a30000 - 0x00007ffcc9a8b000 	C:\WINDOWS\system32\sechost.dll
0x00007ffccbca0000 - 0x00007ffccbdbc000 	C:\WINDOWS\system32\RPCRT4.dll
0x00007ffcca2d0000 - 0x00007ffcca426000 	C:\WINDOWS\system32\USER32.dll
0x00007ffcca070000 - 0x00007ffcca1f6000 	C:\WINDOWS\system32\GDI32.dll
0x00007ffcc4770000 - 0x00007ffcc49e4000 	C:\WINDOWS\WinSxS\amd64_microsoft.windows.common-controls_6595b64144ccf1df_6.0.10586.0_none_8c15ae12515e1c22\COMCTL32.dll
0x00007ffccc230000 - 0x00007ffccc4ad000 	C:\WINDOWS\system32\combase.dll
0x00007ffcc8c10000 - 0x00007ffcc8c7a000 	C:\WINDOWS\system32\bcryptPrimitives.dll
0x00007ffccbfe0000 - 0x00007ffccc01b000 	C:\WINDOWS\system32\IMM32.DLL
0x00000000666b0000 - 0x0000000066782000 	C:\Program Files\Java\jre1.8.0_111\bin\msvcr100.dll
0x0000000065e10000 - 0x00000000666aa000 	C:\Program Files\Java\jre1.8.0_111\bin\server\jvm.dll
0x00007ffccc0f0000 - 0x00007ffccc0f8000 	C:\WINDOWS\system32\PSAPI.DLL
0x00007ffcc7330000 - 0x00007ffcc7353000 	C:\WINDOWS\SYSTEM32\WINMM.dll
0x00007ffcc52a0000 - 0x00007ffcc52aa000 	C:\WINDOWS\SYSTEM32\VERSION.dll
0x00007ffcb9600000 - 0x00007ffcb9609000 	C:\WINDOWS\SYSTEM32\WSOCK32.dll
0x00007ffccc100000 - 0x00007ffccc16b000 	C:\WINDOWS\system32\WS2_32.dll
0x00007ffcc72d0000 - 0x00007ffcc72fc000 	C:\WINDOWS\SYSTEM32\WINMMBASE.dll
0x00007ffcc95f0000 - 0x00007ffcc9633000 	C:\WINDOWS\system32\cfgmgr32.dll
0x0000000065e00000 - 0x0000000065e0f000 	C:\Program Files\Java\jre1.8.0_111\bin\verify.dll
0x0000000065dd0000 - 0x0000000065df9000 	C:\Program Files\Java\jre1.8.0_111\bin\java.dll
0x0000000065db0000 - 0x0000000065dc6000 	C:\Program Files\Java\jre1.8.0_111\bin\zip.dll
0x00007ffcca430000 - 0x00007ffccb98c000 	C:\WINDOWS\system32\SHELL32.dll
0x00007ffcc8c80000 - 0x00007ffcc92c5000 	C:\WINDOWS\system32\windows.storage.dll
0x00007ffccc1d0000 - 0x00007ffccc222000 	C:\WINDOWS\system32\shlwapi.dll
0x00007ffcc8c00000 - 0x00007ffcc8c0f000 	C:\WINDOWS\system32\kernel.appcore.dll
0x00007ffcc92d0000 - 0x00007ffcc9385000 	C:\WINDOWS\system32\shcore.dll
0x00007ffcc8b80000 - 0x00007ffcc8bcb000 	C:\WINDOWS\system32\powrprof.dll
0x00007ffcc8bd0000 - 0x00007ffcc8be4000 	C:\WINDOWS\system32\profapi.dll
0x00007ffcc8500000 - 0x00007ffcc8517000 	C:\WINDOWS\SYSTEM32\CRYPTSP.dll
0x00007ffcc8190000 - 0x00007ffcc81c4000 	C:\WINDOWS\system32\rsaenh.dll
0x00007ffcc8ab0000 - 0x00007ffcc8ad9000 	C:\WINDOWS\SYSTEM32\bcrypt.dll
0x00007ffcc82e0000 - 0x00007ffcc82ff000 	C:\WINDOWS\SYSTEM32\USERENV.dll
0x00007ffcc8620000 - 0x00007ffcc862b000 	C:\WINDOWS\SYSTEM32\CRYPTBASE.dll
0x0000000065d90000 - 0x0000000065daa000 	C:\Program Files\Java\jre1.8.0_111\bin\net.dll
0x00007ffcc8450000 - 0x00007ffcc84ac000 	C:\WINDOWS\system32\mswsock.dll
0x00007ffcc07c0000 - 0x00007ffcc07f8000 	C:\WINDOWS\SYSTEM32\IPHLPAPI.DLL
0x00007ffcc9970000 - 0x00007ffcc9978000 	C:\WINDOWS\system32\NSI.dll
0x00007ffcc05c0000 - 0x00007ffcc05d6000 	C:\WINDOWS\SYSTEM32\dhcpcsvc6.DLL
0x00007ffcc0530000 - 0x00007ffcc054a000 	C:\WINDOWS\SYSTEM32\dhcpcsvc.DLL
0x0000000065d70000 - 0x0000000065d81000 	C:\Program Files\Java\jre1.8.0_111\bin\nio.dll

VM Arguments:
java_command: com.google.appengine.tools.enhancer.Enhance C:\Users\Sarah Weimer\workspace\ProjectplanTest\war\WEB-INF\classes\de\hdm\projectplan\client\editor\NewProjectView.class C:\Users\Sarah Weimer\workspace\ProjectplanTest\war\WEB-INF\classes\de\hdm\projectplan\client\editor\NewProjectView$createProjectCallback.class C:\Users\Sarah Weimer\workspace\ProjectplanTest\war\WEB-INF\classes\de\hdm\projectplan\client\editor\NewProjectView$1.class C:\Users\Sarah Weimer\workspace\ProjectplanTest\war\WEB-INF\classes\de\hdm\projectplan\client\editor\NewProjectView$2.class -enhancerVersion v2
java_class_path (initial): C:\Users\Sarah Weimer\workspace\ProjectplanTest\test-classes;C:\Users\Sarah Weimer\workspace\ProjectplanTest\war\WEB-INF\classes;C:\Users\Sarah Weimer\.p2\pool\plugins\com.google.appengine.eclipse.sdkbundle_1.9.34\appengine-java-sdk-1.9.34\lib\shared\appengine-local-runtime-shared.jar;C:\Users\Sarah Weimer\.p2\pool\plugins\com.google.appengine.eclipse.sdkbundle_1.9.34\appengine-java-sdk-1.9.34\lib\shared\el-api.jar;C:\Users\Sarah Weimer\.p2\pool\plugins\com.google.appengine.eclipse.sdkbundle_1.9.34\appengine-java-sdk-1.9.34\lib\shared\jsp\repackaged-appengine-ant-1.7.1.jar;C:\Users\Sarah Weimer\.p2\pool\plugins\com.google.appengine.eclipse.sdkbundle_1.9.34\appengine-java-sdk-1.9.34\lib\shared\jsp\repackaged-appengine-ant-launcher-1.7.1.jar;C:\Users\Sarah Weimer\.p2\pool\plugins\com.google.appengine.eclipse.sdkbundle_1.9.34\appengine-java-sdk-1.9.34\lib\shared\jsp\repackaged-appengine-jasper-6.0.29.jar;C:\Users\Sarah Weimer\.p2\pool\plugins\com.google.appengine.eclipse.sdkbundle_1.9.34\appengine-java-sdk-1.9.34\lib\shared\jsp\repackaged-appengine-jasper-el-6.0.29.jar;C:\Users\Sarah Weimer\.p2\pool\plugins\com.google.appengine.eclipse.sdkbundle_1.9.34\appengine-java-sdk-1.9.34\lib\shared\jsp\repackaged-appengine-tomcat-juli-6.0.29.jar;C:\Users\Sarah Weimer\.p2\pool\plugins\com.google.appengine.eclipse.sdkbundle_1.9.34\appengine-java-sdk-1.9.34\lib\shared\jsp-api.jar;C:\Users\Sarah Weimer\.p2\pool\plugins\com.google.appengine.eclipse.sdkbundle_1.9.34\appengine-java-sdk-1.9.34\lib\shared\servlet-api.jar;C:\Users\Sarah Weimer\.p2\pool\plugins\com.google.appengine.eclipse.sdkbundle_1.9.34\appengine-java-sdk-1.9.34\lib\appengine-tools-api.jar;C:\Users\Sarah Weimer\.p2\pool\plugins\com.google.appengine.eclipse.sdkbundle_1.9.34\appengine-java-sdk-1.9.34\lib\opt\user\appengine-api-labs\v1\appengine-api-labs.jar;C:\Users\Sarah Weimer\.p2\pool\plugins\com.google.appengine.eclipse.sdkbundle_1.9.34\appengine-java-sdk-1.9.34\lib\opt\user\appengine-endp
Launcher Type: SUN_STANDARD

Environment Variables:
PATH=C:\ProgramData\Oracle\Java\javapath;C:\Program Files (x86)\Intel\iCLS Client\;C:\Program Files\Intel\iCLS Client\;C:\WINDOWS\system32;C:\WINDOWS;C:\WINDOWS\System32\Wbem;C:\WINDOWS\System32\WindowsPowerShell\v1.0\;C:\Program Files\Intel\Intel(R) Management Engine Components\DAL;C:\Program Files\Intel\Intel(R) Management Engine Components\IPT;C:\Program Files (x86)\Intel\Intel(R) Management Engine Components\DAL;C:\Program Files (x86)\Intel\Intel(R) Management Engine Components\IPT;C:\Program Files (x86)\NVIDIA Corporation\PhysX\Common;C:\Program Files\Git\cmd;C:\Program Files (x86)\Skype\Phone\
USERNAME=Sarah Weimer
OS=Windows_NT
PROCESSOR_IDENTIFIER=Intel64 Family 6 Model 69 Stepping 1, GenuineIntel



---------------  S Y S T E M  ---------------

OS: Windows 10.0 , 64 bit Build 10586 (10.0.10586.0)

CPU:total 4 (2 cores per cpu, 2 threads per core) family 6 model 69 stepping 1, cmov, cx8, fxsr, mmx, sse, sse2, sse3, ssse3, sse4.1, sse4.2, popcnt, avx, avx2, aes, clmul, erms, lzcnt, ht, tsc, tscinvbit, bmi1, bmi2

Memory: 4k page, physical 3842328k(753288k free), swap 15376664k(2668k free)

vm_info: Java HotSpot(TM) 64-Bit Server VM (25.111-b14) for windows-amd64 JRE (1.8.0_111-b14), built on Sep 22 2016 19:24:05 by "java_re" with MS VC++ 10.0 (VS2010)

time: Tue May 09 21:04:26 2017
elapsed time: 13 seconds (0d 0h 0m 13s)

