#
# There is insufficient memory for the Java Runtime Environment to continue.
# Native memory allocation (malloc) failed to allocate 804896 bytes for Chunk::new
# Possible reasons:
#   The system is out of physical RAM or swap space
#   In 32 bit mode, the process size limit was hit
# Possible solutions:
#   Reduce memory load on the system
#   Increase physical memory or swap space
#   Check if swap backing store is full
#   Use 64 bit Java on a 64 bit OS
#   Decrease Java heap size (-Xmx/-Xms)
#   Decrease number of Java threads
#   Decrease Java thread stack sizes (-Xss)
#   Set larger code cache with -XX:ReservedCodeCacheSize=
# This output file may be truncated or incomplete.
#
#  Out of Memory Error (allocation.cpp:390), pid=4896, tid=0x00000000000026cc
#
# JRE version: Java(TM) SE Runtime Environment (8.0_111-b14) (build 1.8.0_111-b14)
# Java VM: Java HotSpot(TM) 64-Bit Server VM (25.111-b14 mixed mode windows-amd64 compressed oops)
# Failed to write core dump. Minidumps are not enabled by default on client versions of Windows
#

---------------  T H R E A D  ---------------

Current thread (0x0000000015146000):  JavaThread "C2 CompilerThread1" daemon [_thread_in_native, id=9932, stack(0x00000000153d0000,0x00000000154d0000)]

Stack: [0x00000000153d0000,0x00000000154d0000]
[error occurred during error reporting (printing stack bounds), id 0xc0000005]

Native frames: (J=compiled Java code, j=interpreted, Vv=VM code, C=native code)


Current CompileTask:
C2: 199894 4873       4       com.google.gwt.dev.javac.CompilationUnitTypeOracleUpdater::resolveMethod (402 bytes)


---------------  P R O C E S S  ---------------

Java Threads: ( => current thread )
  0x0000000018f26800 JavaThread "pool-4-thread-2" daemon [_thread_blocked, id=3124, stack(0x000000001e9d0000,0x000000001ead0000)]
  0x0000000018f25000 JavaThread "pool-5-thread-1" [_thread_in_native, id=3484, stack(0x000000001e5d0000,0x000000001e6d0000)]
  0x0000000018f24000 JavaThread "1502365851@qtp-1293226111-2" [_thread_blocked, id=8796, stack(0x000000001e4d0000,0x000000001e5d0000)]
  0x0000000018f23800 JavaThread "qtp793518763-36" [_thread_blocked, id=5016, stack(0x000000001e3d0000,0x000000001e4d0000)]
  0x0000000018f27000 JavaThread "qtp793518763-35" [_thread_blocked, id=6944, stack(0x000000001e2d0000,0x000000001e3d0000)]
  0x0000000018f28000 JavaThread "qtp793518763-34" [_thread_blocked, id=8808, stack(0x000000001e1d0000,0x000000001e2d0000)]
  0x0000000018f22000 JavaThread "qtp793518763-33" [_thread_blocked, id=10104, stack(0x000000001e0d0000,0x000000001e1d0000)]
  0x0000000018f25800 JavaThread "qtp793518763-32" [_thread_blocked, id=4704, stack(0x000000001cf10000,0x000000001d010000)]
  0x0000000018f22800 JavaThread "qtp793518763-31" [_thread_blocked, id=5884, stack(0x000000001ce10000,0x000000001cf10000)]
  0x000000001ad64800 JavaThread "qtp793518763-30 Acceptor0 SelectChannelConnector@127.0.0.1:9876" [_thread_in_native, id=8812, stack(0x000000001cd10000,0x000000001ce10000)]
  0x000000001ae49800 JavaThread "qtp793518763-29 Selector0" [_thread_in_native, id=7188, stack(0x000000001bb90000,0x000000001bc90000)]
  0x000000001ae49000 JavaThread "HashSessionScavenger-0" daemon [_thread_blocked, id=9032, stack(0x000000001ba90000,0x000000001bb90000)]
  0x00000000158f9800 JavaThread "Timer-0" daemon [_thread_blocked, id=3600, stack(0x000000001a120000,0x000000001a220000)]
  0x0000000017066800 JavaThread "2032169857@qtp-1293226111-1 - Acceptor0 SelectChannelConnector@0.0.0.0:8888" [_thread_in_native, id=1904, stack(0x0000000019c20000,0x0000000019d20000)]
  0x00000000151b5000 JavaThread "pool-1-thread-1" [_thread_blocked, id=6676, stack(0x0000000017740000,0x0000000017840000)]
  0x0000000015b7c000 JavaThread "Thread-2" daemon [_thread_blocked, id=9000, stack(0x0000000016570000,0x0000000016670000)]
  0x0000000015b79800 JavaThread "Thread-1" [_thread_in_native, id=9208, stack(0x00000000160e0000,0x00000000161e0000)]
  0x00000000151df800 JavaThread "Service Thread" daemon [_thread_blocked, id=8164, stack(0x00000000155d0000,0x00000000156d0000)]
  0x0000000015149000 JavaThread "C1 CompilerThread2" daemon [_thread_blocked, id=9856, stack(0x00000000154d0000,0x00000000155d0000)]
=>0x0000000015146000 JavaThread "C2 CompilerThread1" daemon [_thread_in_native, id=9932, stack(0x00000000153d0000,0x00000000154d0000)]
  0x0000000015135800 JavaThread "C2 CompilerThread0" daemon [_thread_in_native, id=9008, stack(0x00000000152d0000,0x00000000153d0000)]
  0x000000001384e000 JavaThread "Attach Listener" daemon [_thread_blocked, id=7484, stack(0x0000000014dd0000,0x0000000014ed0000)]
  0x000000001384c800 JavaThread "Signal Dispatcher" daemon [_thread_blocked, id=9192, stack(0x0000000014cd0000,0x0000000014dd0000)]
  0x000000001383a000 JavaThread "Finalizer" daemon [_thread_blocked, id=3824, stack(0x0000000014ac0000,0x0000000014bc0000)]
  0x00000000024d2000 JavaThread "Reference Handler" daemon [_thread_blocked, id=2456, stack(0x00000000149c0000,0x0000000014ac0000)]
  0x00000000023e3800 JavaThread "main" [_thread_blocked, id=8620, stack(0x0000000002180000,0x0000000002280000)]

Other Threads:
  0x0000000013817800 VMThread [stack: 0x00000000148c0000,0x00000000149c0000] [id=7052]
  0x000000001513c800 WatcherThread [stack: 0x00000000157e0000,0x00000000158e0000] [id=8040]

VM state:not at safepoint (normal execution)

VM Mutex/Monitor currently owned by a thread: None

Heap:
 PSYoungGen      total 116736K, used 7564K [0x00000000f5580000, 0x0000000100000000, 0x0000000100000000)
  eden space 58880K, 12% used [0x00000000f5580000,0x00000000f5ce3030,0x00000000f8f00000)
  from space 57856K, 0% used [0x00000000f8f00000,0x00000000f8f00000,0x00000000fc780000)
  to   space 57856K, 0% used [0x00000000fc780000,0x00000000fc780000,0x0000000100000000)
 ParOldGen       total 187904K, used 120613K [0x00000000e0000000, 0x00000000eb780000, 0x00000000f5580000)
  object space 187904K, 64% used [0x00000000e0000000,0x00000000e75c9580,0x00000000eb780000)
 Metaspace       used 37069K, capacity 37864K, committed 38016K, reserved 1083392K
  class space    used 4230K, capacity 4430K, committed 4480K, reserved 1048576K

Card table byte_map: [0x00000000118a0000,0x00000000119b0000] byte_map_base: 0x00000000111a0000

Marking Bits: (ParMarkBitMap*) 0x000000006662a6c0
 Begin Bits: [0x0000000011db0000, 0x00000000125b0000)
 End Bits:   [0x00000000125b0000, 0x0000000012db0000)

Polling page: 0x0000000000440000

CodeCache: size=245760Kb used=13082Kb max_used=13185Kb free=232677Kb
 bounds [0x00000000024e0000, 0x00000000031f0000, 0x00000000114e0000]
 total_blobs=4336 nmethods=3858 adapters=389
 compilation: enabled

Compilation events (10 events):
Event: 198.730 Thread 0x0000000015146000 nmethod 4905 0x000000000265b510 code [0x000000000265b640, 0x000000000265b6b8]
Event: 198.730 Thread 0x0000000015146000 4871       4       java.util.LinkedList::unlinkFirst (64 bytes)
Event: 198.731 Thread 0x0000000015146000 nmethod 4871 0x0000000002f07890 code [0x0000000002f079c0, 0x0000000002f07a78]
Event: 198.731 Thread 0x0000000015146000 4860       4       com.google.gwt.dev.javac.CompilationUnitTypeOracleUpdater::collectTypeParams (52 bytes)
Event: 198.809 Thread 0x0000000015146000 nmethod 4860 0x0000000002a62d50 code [0x0000000002a63060, 0x0000000002a65510]
Event: 198.809 Thread 0x0000000015146000 4868       4       java.util.LinkedList::linkFirst (59 bytes)
Event: 198.809 Thread 0x0000000015149000 4914       3       java.io.File::<init> (47 bytes)
Event: 198.810 Thread 0x0000000015149000 nmethod 4914 0x000000000265d790 code [0x000000000265d920, 0x000000000265dc88]
Event: 198.811 Thread 0x0000000015146000 nmethod 4868 0x0000000003042310 code [0x0000000003042460, 0x0000000003042598]
Event: 198.811 Thread 0x0000000015146000 4873       4       com.google.gwt.dev.javac.CompilationUnitTypeOracleUpdater::resolveMethod (402 bytes)

GC Heap History (10 events):
Event: 152.528 GC heap before
{Heap before GC invocations=19 (full 3):
 PSYoungGen      total 132096K, used 131901K [0x00000000f5580000, 0x0000000100000000, 0x0000000100000000)
  eden space 93696K, 100% used [0x00000000f5580000,0x00000000fb100000,0x00000000fb100000)
  from space 38400K, 99% used [0x00000000fb100000,0x00000000fd64f6c0,0x00000000fd680000)
  to   space 42496K, 0% used [0x00000000fd680000,0x00000000fd680000,0x0000000100000000)
 ParOldGen       total 144896K, used 85102K [0x00000000e0000000, 0x00000000e8d80000, 0x00000000f5580000)
  object space 144896K, 58% used [0x00000000e0000000,0x00000000e531bbf0,0x00000000e8d80000)
 Metaspace       used 36249K, capacity 37028K, committed 37248K, reserved 1081344K
  class space    used 4145K, capacity 4354K, committed 4480K, reserved 1048576K
Event: 152.582 GC heap after
Heap after GC invocations=19 (full 3):
 PSYoungGen      total 108544K, used 42493K [0x00000000f5580000, 0x0000000100000000, 0x0000000100000000)
  eden space 66048K, 0% used [0x00000000f5580000,0x00000000f5580000,0x00000000f9600000)
  from space 42496K, 99% used [0x00000000fd680000,0x00000000fffff700,0x0000000100000000)
  to   space 54272K, 0% used [0x00000000f9600000,0x00000000f9600000,0x00000000fcb00000)
 ParOldGen       total 144896K, used 92857K [0x00000000e0000000, 0x00000000e8d80000, 0x00000000f5580000)
  object space 144896K, 64% used [0x00000000e0000000,0x00000000e5aae4d0,0x00000000e8d80000)
 Metaspace       used 36249K, capacity 37028K, committed 37248K, reserved 1081344K
  class space    used 4145K, capacity 4354K, committed 4480K, reserved 1048576K
}
Event: 197.515 GC heap before
{Heap before GC invocations=20 (full 3):
 PSYoungGen      total 108544K, used 108541K [0x00000000f5580000, 0x0000000100000000, 0x0000000100000000)
  eden space 66048K, 100% used [0x00000000f5580000,0x00000000f9600000,0x00000000f9600000)
  from space 42496K, 99% used [0x00000000fd680000,0x00000000fffff700,0x0000000100000000)
  to   space 54272K, 0% used [0x00000000f9600000,0x00000000f9600000,0x00000000fcb00000)
 ParOldGen       total 144896K, used 92857K [0x00000000e0000000, 0x00000000e8d80000, 0x00000000f5580000)
  object space 144896K, 64% used [0x00000000e0000000,0x00000000e5aae4d0,0x00000000e8d80000)
 Metaspace       used 36998K, capacity 37834K, committed 38016K, reserved 1083392K
  class space    used 4220K, capacity 4425K, committed 4480K, reserved 1048576K
Event: 197.558 GC heap after
Heap after GC invocations=20 (full 3):
 PSYoungGen      total 119296K, used 53148K [0x00000000f5580000, 0x0000000100000000, 0x0000000100000000)
  eden space 66048K, 0% used [0x00000000f5580000,0x00000000f5580000,0x00000000f9600000)
  from space 53248K, 99% used [0x00000000f9600000,0x00000000fc9e7380,0x00000000fca00000)
  to   space 55296K, 0% used [0x00000000fca00000,0x00000000fca00000,0x0000000100000000)
 ParOldGen       total 144896K, used 92865K [0x00000000e0000000, 0x00000000e8d80000, 0x00000000f5580000)
  object space 144896K, 64% used [0x00000000e0000000,0x00000000e5ab04d0,0x00000000e8d80000)
 Metaspace       used 36998K, capacity 37834K, committed 38016K, reserved 1083392K
  class space    used 4220K, capacity 4425K, committed 4480K, reserved 1048576K
}
Event: 197.763 GC heap before
{Heap before GC invocations=21 (full 3):
 PSYoungGen      total 119296K, used 119196K [0x00000000f5580000, 0x0000000100000000, 0x0000000100000000)
  eden space 66048K, 100% used [0x00000000f5580000,0x00000000f9600000,0x00000000f9600000)
  from space 53248K, 99% used [0x00000000f9600000,0x00000000fc9e7380,0x00000000fca00000)
  to   space 55296K, 0% used [0x00000000fca00000,0x00000000fca00000,0x0000000100000000)
 ParOldGen       total 144896K, used 92865K [0x00000000e0000000, 0x00000000e8d80000, 0x00000000f5580000)
  object space 144896K, 64% used [0x00000000e0000000,0x00000000e5ab04d0,0x00000000e8d80000)
 Metaspace       used 37000K, capacity 37834K, committed 38016K, reserved 1083392K
  class space    used 4220K, capacity 4425K, committed 4480K, reserved 1048576K
Event: 197.837 GC heap after
Heap after GC invocations=21 (full 3):
 PSYoungGen      total 114176K, used 45926K [0x00000000f5580000, 0x0000000100000000, 0x0000000100000000)
  eden space 58880K, 0% used [0x00000000f5580000,0x00000000f5580000,0x00000000f8f00000)
  from space 55296K, 83% used [0x00000000fca00000,0x00000000ff6d9a20,0x0000000100000000)
  to   space 57856K, 0% used [0x00000000f8f00000,0x00000000f8f00000,0x00000000fc780000)
 ParOldGen       total 144896K, used 114749K [0x00000000e0000000, 0x00000000e8d80000, 0x00000000f5580000)
  object space 144896K, 79% used [0x00000000e0000000,0x00000000e700f540,0x00000000e8d80000)
 Metaspace       used 37000K, capacity 37834K, committed 38016K, reserved 1083392K
  class space    used 4220K, capacity 4425K, committed 4480K, reserved 1048576K
}
Event: 198.057 GC heap before
{Heap before GC invocations=22 (full 3):
 PSYoungGen      total 114176K, used 104806K [0x00000000f5580000, 0x0000000100000000, 0x0000000100000000)
  eden space 58880K, 100% used [0x00000000f5580000,0x00000000f8f00000,0x00000000f8f00000)
  from space 55296K, 83% used [0x00000000fca00000,0x00000000ff6d9a20,0x0000000100000000)
  to   space 57856K, 0% used [0x00000000f8f00000,0x00000000f8f00000,0x00000000fc780000)
 ParOldGen       total 144896K, used 114749K [0x00000000e0000000, 0x00000000e8d80000, 0x00000000f5580000)
  object space 144896K, 79% used [0x00000000e0000000,0x00000000e700f540,0x00000000e8d80000)
 Metaspace       used 37016K, capacity 37858K, committed 38016K, reserved 1083392K
  class space    used 4223K, capacity 4429K, committed 4480K, reserved 1048576K
Event: 198.115 GC heap after
Heap after GC invocations=22 (full 3):
 PSYoungGen      total 116736K, used 39515K [0x00000000f5580000, 0x0000000100000000, 0x0000000100000000)
  eden space 58880K, 0% used [0x00000000f5580000,0x00000000f5580000,0x00000000f8f00000)
  from space 57856K, 68% used [0x00000000f8f00000,0x00000000fb596f58,0x00000000fc780000)
  to   space 57856K, 0% used [0x00000000fc780000,0x00000000fc780000,0x0000000100000000)
 ParOldGen       total 144896K, used 126014K [0x00000000e0000000, 0x00000000e8d80000, 0x00000000f5580000)
  object space 144896K, 86% used [0x00000000e0000000,0x00000000e7b0fbb8,0x00000000e8d80000)
 Metaspace       used 37016K, capacity 37858K, committed 38016K, reserved 1083392K
  class space    used 4223K, capacity 4429K, committed 4480K, reserved 1048576K
}
Event: 198.115 GC heap before
{Heap before GC invocations=23 (full 4):
 PSYoungGen      total 116736K, used 39515K [0x00000000f5580000, 0x0000000100000000, 0x0000000100000000)
  eden space 58880K, 0% used [0x00000000f5580000,0x00000000f5580000,0x00000000f8f00000)
  from space 57856K, 68% used [0x00000000f8f00000,0x00000000fb596f58,0x00000000fc780000)
  to   space 57856K, 0% used [0x00000000fc780000,0x00000000fc780000,0x0000000100000000)
 ParOldGen       total 144896K, used 126014K [0x00000000e0000000, 0x00000000e8d80000, 0x00000000f5580000)
  object space 144896K, 86% used [0x00000000e0000000,0x00000000e7b0fbb8,0x00000000e8d80000)
 Metaspace       used 37016K, capacity 37858K, committed 38016K, reserved 1083392K
  class space    used 4223K, capacity 4429K, committed 4480K, reserved 1048576K
Event: 198.611 GC heap after
Heap after GC invocations=23 (full 4):
 PSYoungGen      total 116736K, used 0K [0x00000000f5580000, 0x0000000100000000, 0x0000000100000000)
  eden space 58880K, 0% used [0x00000000f5580000,0x00000000f5580000,0x00000000f8f00000)
  from space 57856K, 0% used [0x00000000f8f00000,0x00000000f8f00000,0x00000000fc780000)
  to   space 57856K, 0% used [0x00000000fc780000,0x00000000fc780000,0x0000000100000000)
 ParOldGen       total 187904K, used 120613K [0x00000000e0000000, 0x00000000eb780000, 0x00000000f5580000)
  object space 187904K, 64% used [0x00000000e0000000,0x00000000e75c9580,0x00000000eb780000)
 Metaspace       used 37016K, capacity 37858K, committed 38016K, reserved 1083392K
  class space    used 4223K, capacity 4429K, committed 4480K, reserved 1048576K
}

Deoptimization events (10 events):
Event: 155.071 Thread 0x0000000018f25000 Uncommon trap: reason=unstable_if action=reinterpret pc=0x00000000028771f8 method=java.util.IdentityHashMap.nextKeyIndex(II)I @ 4
Event: 162.450 Thread 0x0000000018f25000 Uncommon trap: reason=class_check action=maybe_recompile pc=0x0000000002604194 method=com.google.gwt.dev.javac.CompilationUnit$1.compare(Ljava/lang/Object;Ljava/lang/Object;)I @ 2
Event: 162.450 Thread 0x0000000018f25000 Uncommon trap: reason=class_check action=maybe_recompile pc=0x0000000002604194 method=com.google.gwt.dev.javac.CompilationUnit$1.compare(Ljava/lang/Object;Ljava/lang/Object;)I @ 2
Event: 162.450 Thread 0x0000000018f25000 Uncommon trap: reason=class_check action=maybe_recompile pc=0x0000000002604194 method=com.google.gwt.dev.javac.CompilationUnit$1.compare(Ljava/lang/Object;Ljava/lang/Object;)I @ 2
Event: 162.450 Thread 0x0000000018f25000 Uncommon trap: reason=class_check action=maybe_recompile pc=0x0000000002604194 method=com.google.gwt.dev.javac.CompilationUnit$1.compare(Ljava/lang/Object;Ljava/lang/Object;)I @ 2
Event: 162.452 Thread 0x0000000018f21000 Uncommon trap: reason=unstable_if action=reinterpret pc=0x0000000002cd6bb0 method=java.io.WinNTFileSystem.prefixLength(Ljava/lang/String;)I @ 42
Event: 162.452 Thread 0x0000000018f21000 Uncommon trap: reason=unstable_if action=reinterpret pc=0x00000000026870c8 method=java.io.WinNTFileSystem.prefixLength(Ljava/lang/String;)I @ 42
Event: 162.482 Thread 0x0000000018f25000 Uncommon trap: reason=class_check action=maybe_recompile pc=0x00000000029cee80 method=com.google.gwt.thirdparty.guava.common.collect.AbstractMapBasedMultimap$Itr.next()Ljava/lang/Object; @ 4
Event: 198.612 Thread 0x0000000018f25000 Uncommon trap: reason=unstable_if action=reinterpret pc=0x0000000002aa5af0 method=com.google.gwt.thirdparty.guava.common.collect.MapMakerInternalMap$Segment.getEntry(Ljava/lang/Object;I)Lcom/google/gwt/thirdparty/guava/common/collect/MapMakerInternalMap$R
Event: 198.613 Thread 0x0000000018f25000 Uncommon trap: reason=unstable_if action=reinterpret pc=0x00000000031398e4 method=com.google.gwt.thirdparty.guava.common.collect.MapMakerInternalMap$Segment.getEntry(Ljava/lang/Object;I)Lcom/google/gwt/thirdparty/guava/common/collect/MapMakerInternalMap$R

Internal exceptions (10 events):
Event: 124.375 Thread 0x0000000018f22800 Exception <a 'java/security/PrivilegedActionException'> (0x00000000f6bcf490) thrown at [C:\re\workspace\8-2-build-windows-amd64-cygwin\jdk8u111\7883\hotspot\src\share\vm\prims\jvm.cpp, line 1386]
Event: 124.376 Thread 0x0000000018f22800 Exception <a 'java/security/PrivilegedActionException'> (0x00000000f6c097b0) thrown at [C:\re\workspace\8-2-build-windows-amd64-cygwin\jdk8u111\7883\hotspot\src\share\vm\prims\jvm.cpp, line 1386]
Event: 124.376 Thread 0x0000000018f22800 Exception <a 'java/security/PrivilegedActionException'> (0x00000000f6c09ba8) thrown at [C:\re\workspace\8-2-build-windows-amd64-cygwin\jdk8u111\7883\hotspot\src\share\vm\prims\jvm.cpp, line 1386]
Event: 147.789 Thread 0x0000000018f25000 Implicit null exception at 0x0000000002990934 to 0x0000000002991989
Event: 162.347 Thread 0x0000000018f21000 Exception <a 'java/io/FileNotFoundException'> (0x00000000f722cd58) thrown at [C:\re\workspace\8-2-build-windows-amd64-cygwin\jdk8u111\7883\hotspot\src\share\vm\prims\jni.cpp, line 709]
Event: 162.350 Thread 0x0000000018f21000 Implicit null exception at 0x00000000026a0bc6 to 0x00000000026a1ef3
Event: 162.350 Thread 0x0000000018f21000 Exception <a 'java/lang/NullPointerException'> (0x00000000f7232f00) thrown at [C:\re\workspace\8-2-build-windows-amd64-cygwin\jdk8u111\7883\hotspot\src\share\vm\runtime\sharedRuntime.cpp, line 605]
Event: 162.452 Thread 0x0000000018f21000 Exception <a 'java/io/FileNotFoundException'> (0x00000000f7c6aa08) thrown at [C:\re\workspace\8-2-build-windows-amd64-cygwin\jdk8u111\7883\hotspot\src\share\vm\prims\jni.cpp, line 709]
Event: 198.611 Thread 0x0000000018f25000 Implicit null exception at 0x0000000002aa5531 to 0x0000000002aa5ac9
Event: 198.613 Thread 0x0000000018f25000 Implicit null exception at 0x00000000031395b8 to 0x00000000031398c5

Events (10 events):
Event: 198.775 loading class com/google/gwt/dev/Permutation
Event: 198.775 loading class com/google/gwt/dev/Permutation done
Event: 198.809 loading class com/google/gwt/dev/javac/StandardGeneratorContext
Event: 198.809 loading class com/google/gwt/dev/javac/StandardGeneratorContext done
Event: 199.135 loading class com/google/gwt/dev/javac/StandardGeneratorContext$1
Event: 199.135 loading class com/google/gwt/dev/javac/StandardGeneratorContext$1 done
Event: 199.408 loading class com/google/gwt/dev/javac/StandardGeneratorContext$Generated
Event: 199.408 loading class com/google/gwt/dev/javac/StandardGeneratorContext$Generated done
Event: 199.410 loading class com/google/gwt/dev/javac/GeneratedUnit
Event: 199.410 loading class com/google/gwt/dev/javac/GeneratedUnit done


Dynamic libraries:
0x00007ff75b910000 - 0x00007ff75b947000 	C:\Program Files\Java\jre1.8.0_111\bin\javaw.exe
0x00007ffccc560000 - 0x00007ffccc721000 	C:\WINDOWS\SYSTEM32\ntdll.dll
0x00007ffccc4b0000 - 0x00007ffccc55d000 	C:\WINDOWS\system32\KERNEL32.DLL
0x00007ffcc96a0000 - 0x00007ffcc9888000 	C:\WINDOWS\system32\KERNELBASE.dll
0x00007ffcca200000 - 0x00007ffcca2a7000 	C:\WINDOWS\system32\ADVAPI32.dll
0x00007ffcc9ec0000 - 0x00007ffcc9f5d000 	C:\WINDOWS\system32\msvcrt.dll
0x00007ffcc9a30000 - 0x00007ffcc9a8b000 	C:\WINDOWS\system32\sechost.dll
0x00007ffccbca0000 - 0x00007ffccbdbc000 	C:\WINDOWS\system32\RPCRT4.dll
0x00007ffcca2d0000 - 0x00007ffcca426000 	C:\WINDOWS\system32\USER32.dll
0x00007ffcca070000 - 0x00007ffcca1f6000 	C:\WINDOWS\system32\GDI32.dll
0x00007ffcc4770000 - 0x00007ffcc49e4000 	C:\WINDOWS\WinSxS\amd64_microsoft.windows.common-controls_6595b64144ccf1df_6.0.10586.0_none_8c15ae12515e1c22\COMCTL32.dll
0x00007ffccc230000 - 0x00007ffccc4ad000 	C:\WINDOWS\system32\combase.dll
0x00007ffcc8c10000 - 0x00007ffcc8c7a000 	C:\WINDOWS\system32\bcryptPrimitives.dll
0x00007ffccbfe0000 - 0x00007ffccc01b000 	C:\WINDOWS\system32\IMM32.DLL
0x00000000666b0000 - 0x0000000066782000 	C:\Program Files\Java\jre1.8.0_111\bin\msvcr100.dll
0x0000000065e10000 - 0x00000000666aa000 	C:\Program Files\Java\jre1.8.0_111\bin\server\jvm.dll
0x00007ffccc0f0000 - 0x00007ffccc0f8000 	C:\WINDOWS\system32\PSAPI.DLL
0x00007ffcc52a0000 - 0x00007ffcc52aa000 	C:\WINDOWS\SYSTEM32\VERSION.dll
0x00007ffcb9600000 - 0x00007ffcb9609000 	C:\WINDOWS\SYSTEM32\WSOCK32.dll
0x00007ffcc7330000 - 0x00007ffcc7353000 	C:\WINDOWS\SYSTEM32\WINMM.dll
0x00007ffccc100000 - 0x00007ffccc16b000 	C:\WINDOWS\system32\WS2_32.dll
0x00007ffcc72d0000 - 0x00007ffcc72fc000 	C:\WINDOWS\SYSTEM32\WINMMBASE.dll
0x00007ffcc95f0000 - 0x00007ffcc9633000 	C:\WINDOWS\system32\cfgmgr32.dll
0x0000000065e00000 - 0x0000000065e0f000 	C:\Program Files\Java\jre1.8.0_111\bin\verify.dll
0x0000000065dd0000 - 0x0000000065df9000 	C:\Program Files\Java\jre1.8.0_111\bin\java.dll
0x0000000066ad0000 - 0x0000000066af3000 	C:\Program Files\Java\jre1.8.0_111\bin\instrument.dll
0x0000000065db0000 - 0x0000000065dc6000 	C:\Program Files\Java\jre1.8.0_111\bin\zip.dll
0x00007ffcca430000 - 0x00007ffccb98c000 	C:\WINDOWS\system32\SHELL32.dll
0x00007ffcc8c80000 - 0x00007ffcc92c5000 	C:\WINDOWS\system32\windows.storage.dll
0x00007ffccc1d0000 - 0x00007ffccc222000 	C:\WINDOWS\system32\shlwapi.dll
0x00007ffcc8c00000 - 0x00007ffcc8c0f000 	C:\WINDOWS\system32\kernel.appcore.dll
0x00007ffcc92d0000 - 0x00007ffcc9385000 	C:\WINDOWS\system32\shcore.dll
0x00007ffcc8b80000 - 0x00007ffcc8bcb000 	C:\WINDOWS\system32\powrprof.dll
0x00007ffcc8bd0000 - 0x00007ffcc8be4000 	C:\WINDOWS\system32\profapi.dll
0x0000000065d90000 - 0x0000000065daa000 	C:\Program Files\Java\jre1.8.0_111\bin\net.dll
0x00007ffcc8450000 - 0x00007ffcc84ac000 	C:\WINDOWS\system32\mswsock.dll
0x00007ffcc75f0000 - 0x00007ffcc769a000 	C:\WINDOWS\SYSTEM32\DNSAPI.dll
0x00007ffcc9970000 - 0x00007ffcc9978000 	C:\WINDOWS\system32\NSI.dll
0x0000000067540000 - 0x0000000067566000 	C:\Program Files\Bonjour\mdnsNSP.dll
0x00007ffcc07c0000 - 0x00007ffcc07f8000 	C:\WINDOWS\SYSTEM32\Iphlpapi.DLL
0x00007ffcbc850000 - 0x00007ffcbc85a000 	C:\Windows\System32\rasadhlp.dll
0x00007ffcc0630000 - 0x00007ffcc0697000 	C:\WINDOWS\System32\fwpuclnt.dll
0x00007ffcc8ab0000 - 0x00007ffcc8ad9000 	C:\WINDOWS\SYSTEM32\bcrypt.dll
0x00007ffcc8500000 - 0x00007ffcc8517000 	C:\WINDOWS\SYSTEM32\CRYPTSP.dll
0x00007ffcc8190000 - 0x00007ffcc81c4000 	C:\WINDOWS\system32\rsaenh.dll
0x00007ffcc82e0000 - 0x00007ffcc82ff000 	C:\WINDOWS\SYSTEM32\USERENV.dll
0x00007ffcc8620000 - 0x00007ffcc862b000 	C:\WINDOWS\SYSTEM32\CRYPTBASE.dll
0x00007ffcc05c0000 - 0x00007ffcc05d6000 	C:\WINDOWS\SYSTEM32\dhcpcsvc6.DLL
0x00007ffcc0530000 - 0x00007ffcc054a000 	C:\WINDOWS\SYSTEM32\dhcpcsvc.DLL
0x0000000065d70000 - 0x0000000065d81000 	C:\Program Files\Java\jre1.8.0_111\bin\nio.dll
0x00007ffcb56d0000 - 0x00007ffcb56e6000 	C:\WINDOWS\system32\napinsp.dll
0x00007ffcb56f0000 - 0x00007ffcb570a000 	C:\WINDOWS\system32\pnrpnsp.dll
0x00007ffcc6ac0000 - 0x00007ffcc6ad8000 	C:\WINDOWS\system32\NLAapi.dll
0x00007ffcb5710000 - 0x00007ffcb571d000 	C:\WINDOWS\System32\winrnr.dll
0x00007ffcb65c0000 - 0x00007ffcb65d5000 	C:\WINDOWS\System32\wshbth.dll
0x0000000067410000 - 0x000000006741d000 	C:\Program Files\Java\jre1.8.0_111\bin\management.dll
0x0000000066930000 - 0x0000000066ac8000 	C:\Program Files\Java\jre1.8.0_111\bin\awt.dll
0x00007ffccc020000 - 0x00007ffccc0e1000 	C:\WINDOWS\system32\OLEAUT32.dll
0x00007ffcc7220000 - 0x00007ffcc7299000 	C:\WINDOWS\system32\apphelp.dll
0x00007ffcc6520000 - 0x00007ffcc6542000 	C:\WINDOWS\system32\DWMAPI.DLL
0x00007ffcc7500000 - 0x00007ffcc7596000 	C:\WINDOWS\system32\uxtheme.dll

VM Arguments:
jvm_args: -Ddatastore.default_high_rep_job_policy_unapplied_job_pct=50 -Xmx512m -javaagent:C:\Users\Sarah Weimer\.p2\pool\plugins\com.google.appengine.eclipse.sdkbundle_1.9.34\appengine-java-sdk-1.9.34\lib\agent\appengine-agent.jar -Dfile.encoding=UTF-8 
java_command: com.google.gwt.dev.DevMode -remoteUI 56203:34025267299237 -startupUrl ProjectplanTest.html -logLevel INFO -codeServerPort 9997 -port 8888 -server com.google.appengine.tools.development.gwt.AppEngineLauncher -war C:\Users\Sarah Weimer\workspace\ProjectplanTest\war de.hdm.projectplan.ProjectplanTest
java_class_path (initial): C:\Users\Sarah Weimer\workspace\ProjectplanTest\src;C:\Users\Sarah Weimer\workspace\ProjectplanTest\test-classes;C:\Users\Sarah Weimer\workspace\ProjectplanTest\war\WEB-INF\classes;C:\Users\Sarah Weimer\.p2\pool\plugins\com.google.appengine.eclipse.sdkbundle_1.9.34\appengine-java-sdk-1.9.34\lib\shared\appengine-local-runtime-shared.jar;C:\Users\Sarah Weimer\.p2\pool\plugins\com.google.appengine.eclipse.sdkbundle_1.9.34\appengine-java-sdk-1.9.34\lib\shared\el-api.jar;C:\Users\Sarah Weimer\.p2\pool\plugins\com.google.appengine.eclipse.sdkbundle_1.9.34\appengine-java-sdk-1.9.34\lib\shared\jsp\repackaged-appengine-ant-1.7.1.jar;C:\Users\Sarah Weimer\.p2\pool\plugins\com.google.appengine.eclipse.sdkbundle_1.9.34\appengine-java-sdk-1.9.34\lib\shared\jsp\repackaged-appengine-ant-launcher-1.7.1.jar;C:\Users\Sarah Weimer\.p2\pool\plugins\com.google.appengine.eclipse.sdkbundle_1.9.34\appengine-java-sdk-1.9.34\lib\shared\jsp\repackaged-appengine-jasper-6.0.29.jar;C:\Users\Sarah Weimer\.p2\pool\plugins\com.google.appengine.eclipse.sdkbundle_1.9.34\appengine-java-sdk-1.9.34\lib\shared\jsp\repackaged-appengine-jasper-el-6.0.29.jar;C:\Users\Sarah Weimer\.p2\pool\plugins\com.google.appengine.eclipse.sdkbundle_1.9.34\appengine-java-sdk-1.9.34\lib\shared\jsp\repackaged-appengine-tomcat-juli-6.0.29.jar;C:\Users\Sarah Weimer\.p2\pool\plugins\com.google.appengine.eclipse.sdkbundle_1.9.34\appengine-java-sdk-1.9.34\lib\shared\jsp-api.jar;C:\Users\Sarah Weimer\.p2\pool\plugins\com.google.appengine.eclipse.sdkbundle_1.9.34\appengine-java-sdk-1.9.34\lib\shared\servlet-api.jar;C:\Users\Sarah Weimer\.p2\pool\plugins\com.google.appengine.eclipse.sdkbundle_1.9.34\appengine-java-sdk-1.9.34\lib\appengine-tools-api.jar;C:\Users\Sarah Weimer\.p2\pool\plugins\com.google.appengine.eclipse.sdkbundle_1.9.34\appengine-java-sdk-1.9.34\lib\opt\user\appengine-api-labs\v1\appengine-api-labs.jar;C:\Users\Sarah Weimer\.p2\pool\plugins\com.google.appengine.eclipse.sdkbundle_1.9.34\a
Launcher Type: SUN_STANDARD

Environment Variables:
PATH=C:\ProgramData\Oracle\Java\javapath;C:\Program Files (x86)\Intel\iCLS Client\;C:\Program Files\Intel\iCLS Client\;C:\WINDOWS\system32;C:\WINDOWS;C:\WINDOWS\System32\Wbem;C:\WINDOWS\System32\WindowsPowerShell\v1.0\;C:\Program Files\Intel\Intel(R) Management Engine Components\DAL;C:\Program Files\Intel\Intel(R) Management Engine Components\IPT;C:\Program Files (x86)\Intel\Intel(R) Management Engine Components\DAL;C:\Program Files (x86)\Intel\Intel(R) Management Engine Components\IPT;C:\Program Files (x86)\NVIDIA Corporation\PhysX\Common;C:\Program Files\Git\cmd;C:\Program Files (x86)\Skype\Phone\
USERNAME=Sarah Weimer
OS=Windows_NT
PROCESSOR_IDENTIFIER=Intel64 Family 6 Model 69 Stepping 1, GenuineIntel



---------------  S Y S T E M  ---------------

OS: Windows 10.0 , 64 bit Build 10586 (10.0.10586.0)

CPU:total 4 (2 cores per cpu, 2 threads per core) family 6 model 69 stepping 1, cmov, cx8, fxsr, mmx, sse, sse2, sse3, ssse3, sse4.1, sse4.2, popcnt, avx, avx2, aes, clmul, erms, lzcnt, ht, tsc, tscinvbit, bmi1, bmi2

Memory: 4k page, physical 3842328k(608088k free), swap 15376664k(4924k free)

vm_info: Java HotSpot(TM) 64-Bit Server VM (25.111-b14) for windows-amd64 JRE (1.8.0_111-b14), built on Sep 22 2016 19:24:05 by "java_re" with MS VC++ 10.0 (VS2010)

time: Tue May 09 19:04:37 2017
elapsed time: 200 seconds (0d 0h 3m 20s)

